{"level":"info","message":"Date: Wed Jul 10 2024 17:00:13 GMT+0530 (India Standard Time), URL: /api/comments/50, params: {}, body: {}"}
{"level":"info","message":"Date: Wed Jul 10 2024 17:00:26 GMT+0530 (India Standard Time), URL: /api/comments/2, params: {}, body: {}"}
{"level":"info","message":"Date: Wed Jul 10 2024 17:00:51 GMT+0530 (India Standard Time), URL: /api/comments/2, params: {}, body: {}"}
{"level":"info","message":"Date: Wed Jul 10 2024 17:00:59 GMT+0530 (India Standard Time), URL: /api/comments/3, params: {}, body: {}"}
{"level":"info","message":"Date: Wed Jul 10 2024 17:01:48 GMT+0530 (India Standard Time), URL: /api/comments/3, params: {}, body: {\"content\":\"My New Comment\"}"}
{"level":"info","message":"Date: Wed Jul 10 2024 17:02:59 GMT+0530 (India Standard Time), URL: /api/comments/50, params: {}, body: {\"content\":\"My New Comment\"}"}
{"level":"info","message":"Date: Wed Jul 10 2024 17:03:50 GMT+0530 (India Standard Time), URL: /, params: {}, body: {}"}
{"level":"info","message":"Date: Wed Jul 10 2024 17:03:54 GMT+0530 (India Standard Time), URL: /xyz, params: {}, body: {}"}
{"level":"info","message":"Date: Wed Jul 10 2024 17:03:54 GMT+0530 (India Standard Time), URL: /favicon.ico, params: {}, body: {}"}
{"level":"info","message":"Date: Wed Jul 10 2024 17:04:18 GMT+0530 (India Standard Time), URL: /api-docs/, params: {}, body: {}"}
{"level":"info","message":"Date: Wed Jul 10 2024 17:04:18 GMT+0530 (India Standard Time), URL: /api-docs/swagger-ui.css, params: {}, body: {}"}
{"level":"info","message":"Date: Wed Jul 10 2024 17:04:18 GMT+0530 (India Standard Time), URL: /api-docs/swagger-ui-bundle.js, params: {}, body: {}"}
{"level":"info","message":"Date: Wed Jul 10 2024 17:04:18 GMT+0530 (India Standard Time), URL: /api-docs/swagger-ui-standalone-preset.js, params: {}, body: {}"}
{"level":"info","message":"Date: Wed Jul 10 2024 17:04:18 GMT+0530 (India Standard Time), URL: /api-docs/swagger-ui-init.js, params: {}, body: {}"}
{"level":"info","message":"Date: Wed Jul 10 2024 17:05:24 GMT+0530 (India Standard Time), URL: /api-docs/, params: {}, body: {}"}
{"level":"info","message":"Date: Wed Jul 10 2024 17:05:24 GMT+0530 (India Standard Time), URL: /api-docs/swagger-ui.css, params: {}, body: {}"}
{"level":"info","message":"Date: Wed Jul 10 2024 17:05:24 GMT+0530 (India Standard Time), URL: /api-docs/swagger-ui-bundle.js, params: {}, body: {}"}
{"level":"info","message":"Date: Wed Jul 10 2024 17:05:24 GMT+0530 (India Standard Time), URL: /api-docs/swagger-ui-standalone-preset.js, params: {}, body: {}"}
{"level":"info","message":"Date: Wed Jul 10 2024 17:05:24 GMT+0530 (India Standard Time), URL: /api-docs/swagger-ui-init.js, params: {}, body: {}"}
{"level":"info","message":"Date: Wed Jul 10 2024 17:05:24 GMT+0530 (India Standard Time), URL: /api-docs/favicon-32x32.png, params: {}, body: {}"}
{"level":"info","message":"Date: Wed Jul 10 2024 17:09:34 GMT+0530 (India Standard Time), URL: /api-docs/, params: {}, body: {}"}
{"level":"info","message":"Date: Wed Jul 10 2024 17:09:34 GMT+0530 (India Standard Time), URL: /api-docs/swagger-ui.css, params: {}, body: {}"}
{"level":"info","message":"Date: Wed Jul 10 2024 17:09:34 GMT+0530 (India Standard Time), URL: /api-docs/swagger-ui-bundle.js, params: {}, body: {}"}
{"level":"info","message":"Date: Wed Jul 10 2024 17:09:34 GMT+0530 (India Standard Time), URL: /api-docs/swagger-ui-standalone-preset.js, params: {}, body: {}"}
{"level":"info","message":"Date: Wed Jul 10 2024 17:09:34 GMT+0530 (India Standard Time), URL: /api-docs/swagger-ui-init.js, params: {}, body: {}"}
{"level":"info","message":"Date: Wed Jul 10 2024 17:09:34 GMT+0530 (India Standard Time), URL: /api-docs/favicon-32x32.png, params: {}, body: {}"}
{"level":"info","message":"Date: Wed Jul 10 2024 17:16:55 GMT+0530 (India Standard Time), URL: /api/posts/all, params: {}, body: {}"}
{"level":"info","message":"Date: Wed Jul 10 2024 17:17:26 GMT+0530 (India Standard Time), URL: /api/posts, params: {}, body: {}"}
{"level":"info","message":"Date: Wed Jul 10 2024 17:18:31 GMT+0530 (India Standard Time), URL: /api/posts, params: {}, body: {}"}
{"level":"info","message":"Date: Wed Jul 10 2024 17:19:15 GMT+0530 (India Standard Time), URL: /api/posts/2, params: {}, body: {}"}
{"level":"info","message":"Date: Wed Jul 10 2024 17:19:33 GMT+0530 (India Standard Time), URL: /api/posts/50, params: {}, body: {}"}
{"level":"info","message":"Date: Wed Jul 10 2024 17:20:05 GMT+0530 (India Standard Time), URL: /api/posts/2, params: {}, body: {}"}
{"level":"info","message":"Date: Wed Jul 10 2024 17:21:28 GMT+0530 (India Standard Time), URL: /api/posts/3, params: {}, body: {}"}
{"level":"info","message":"Date: Wed Jul 10 2024 17:22:07 GMT+0530 (India Standard Time), URL: /api/posts/3, params: {}, body: {}"}
{"level":"info","message":"Date: Wed Jul 10 2024 17:22:59 GMT+0530 (India Standard Time), URL: /api/likes/3, params: {}, body: {}"}
{"level":"info","message":"Date: Wed Jul 10 2024 17:23:38 GMT+0530 (India Standard Time), URL: /api/likes/toggle/3, params: {}, body: {}"}
{"level":"info","message":"Date: Wed Jul 10 2024 17:23:48 GMT+0530 (India Standard Time), URL: /api/likes/toggle/3, params: {}, body: {}"}
{"level":"info","message":"Date: Wed Jul 10 2024 17:24:17 GMT+0530 (India Standard Time), URL: /api/comments/3, params: {}, body: {}"}
{"level":"info","message":"Date: Wed Jul 10 2024 17:25:01 GMT+0530 (India Standard Time), URL: /api/comments/2, params: {}, body: {}"}
{"level":"info","message":"Date: Wed Jul 10 2024 17:25:34 GMT+0530 (India Standard Time), URL: /api/comments/2, params: {}, body: {\"content\":\"My New Comment\"}"}
{"level":"info","message":"Date: Wed Jul 10 2024 17:25:47 GMT+0530 (India Standard Time), URL: /api/comments/2, params: {}, body: {}"}
{"level":"info","message":"Date: Wed Jul 10 2024 17:26:31 GMT+0530 (India Standard Time), URL: /api/comments/8, params: {}, body: {}"}
{"level":"info","message":"Date: Wed Jul 10 2024 17:26:49 GMT+0530 (India Standard Time), URL: /api/comments/2, params: {}, body: {}"}
{"level":"info","message":"Date: Wed Jul 10 2024 17:27:49 GMT+0530 (India Standard Time), URL: /api/comments/2, params: {}, body: {\"content\":\"My modified comment\"}"}
{"level":"info","message":"Date: Wed Jul 10 2024 17:28:14 GMT+0530 (India Standard Time), URL: /api/comments/2, params: {}, body: {}"}
{"level":"info","message":"Date: Wed Jul 10 2024 17:28:30 GMT+0530 (India Standard Time), URL: /api/comments/50, params: {}, body: {\"content\":\"My modified comment\"}"}
